c:\users\sb6ku\source\dicejrs\dicejrs\release\cqapi.obj
c:\users\sb6ku\source\dicejrs\dicejrs\release\cqeve.obj
c:\users\sb6ku\source\dicejrs\dicejrs\release\cqtools.obj
c:\users\sb6ku\source\dicejrs\dicejrs\release\custommsg.obj
c:\users\sb6ku\source\dicejrs\dicejrs\release\dicemsgsend.obj
c:\users\sb6ku\source\dicejrs\dicejrs\release\dllmain.obj
c:\users\sb6ku\source\dicejrs\dicejrs\release\encodingconvert.obj
c:\users\sb6ku\source\dicejrs\dicejrs\release\globalvar.obj
c:\users\sb6ku\source\dicejrs\dicejrs\release\msgformat.obj
c:\users\sb6ku\source\dicejrs\dicejrs\release\namestorage.obj
c:\users\sb6ku\source\dicejrs\dicejrs\release\cqapi_ex.obj
c:\users\sb6ku\source\dicejrs\dicejrs\release\cqstream.obj
c:\users\sb6ku\source\dicejrs\dicejrs\release\unpack.obj
c:\users\sb6ku\source\dicejrs\dicejrs\release\dicejrs.obj
c:\users\sb6ku\source\dicejrs\dicejrs\release\dicenetwork.obj
c:\users\sb6ku\source\dicejrs\dicejrs\release\get.obj
c:\users\sb6ku\source\dicejrs\dicejrs\release\initlist.obj
c:\users\sb6ku\source\dicejrs\dicejrs\release\storagebase.obj
c:\users\sb6ku\source\dicejrs\dicejrs\release\vc142.pdb
c:\users\sb6ku\source\dicejrs\release\com.jrs.dice.lib
c:\users\sb6ku\source\dicejrs\release\com.jrs.dice.exp
c:\users\sb6ku\source\dicejrs\release\com.jrs.dice.dll
c:\users\sb6ku\source\dicejrs\dicejrs\release\cqapi.nativecodeanalysis.xml
c:\users\sb6ku\source\dicejrs\dicejrs\release\cqapi_ex.nativecodeanalysis.xml
c:\users\sb6ku\source\dicejrs\dicejrs\release\cqeve.nativecodeanalysis.xml
c:\users\sb6ku\source\dicejrs\dicejrs\release\cqstream.nativecodeanalysis.xml
c:\users\sb6ku\source\dicejrs\dicejrs\release\cqtools.nativecodeanalysis.xml
c:\users\sb6ku\source\dicejrs\dicejrs\release\custommsg.nativecodeanalysis.xml
c:\users\sb6ku\source\dicejrs\dicejrs\release\dicemsgsend.nativecodeanalysis.xml
c:\users\sb6ku\source\dicejrs\dicejrs\release\dicenetwork.nativecodeanalysis.xml
c:\users\sb6ku\source\dicejrs\dicejrs\release\dllmain.nativecodeanalysis.xml
c:\users\sb6ku\source\dicejrs\dicejrs\release\encodingconvert.nativecodeanalysis.xml
c:\users\sb6ku\source\dicejrs\dicejrs\release\initlist.nativecodeanalysis.xml
c:\users\sb6ku\source\dicejrs\dicejrs\release\msgformat.nativecodeanalysis.xml
c:\users\sb6ku\source\dicejrs\dicejrs\release\namestorage.nativecodeanalysis.xml
c:\users\sb6ku\source\dicejrs\dicejrs\release\storagebase.nativecodeanalysis.xml
c:\users\sb6ku\source\dicejrs\dicejrs\release\unpack.nativecodeanalysis.xml
c:\users\sb6ku\source\dicejrs\dicejrs\release\com.jrs.dice.tlog\cl.command.1.tlog
c:\users\sb6ku\source\dicejrs\dicejrs\release\com.jrs.dice.tlog\cl.read.1.tlog
c:\users\sb6ku\source\dicejrs\dicejrs\release\com.jrs.dice.tlog\cl.write.1.tlog
c:\users\sb6ku\source\dicejrs\dicejrs\release\com.jrs.dice.tlog\com.jrs.dice.write.1u.tlog
c:\users\sb6ku\source\dicejrs\dicejrs\release\com.jrs.dice.tlog\link.command.1.tlog
c:\users\sb6ku\source\dicejrs\dicejrs\release\com.jrs.dice.tlog\link.delete.1.tlog
c:\users\sb6ku\source\dicejrs\dicejrs\release\com.jrs.dice.tlog\link.read.1.tlog
c:\users\sb6ku\source\dicejrs\dicejrs\release\com.jrs.dice.tlog\link.write.1.tlog
